<?xml version="1.0" encoding="UTF-8"?>
<!-- Generated by org.testng.reporters.JUnitReportReporter -->
<testsuite ignored="0" hostname="LAPTOP-K37OUEGR" failures="0" tests="1" name="COOLFABI.SELENIUM.AppTest" time="0.021" errors="0" timestamp="12 sep. 2020 13:52:38 GMT" skipped="0">
  <testcase classname="COOLFABI.SELENIUM.AppTest" name="shouldAnswerWithTrue" time="0.021"/>
</testsuite> <!-- COOLFABI.SELENIUM.AppTest -->
